2025-09-02T12:02:17+00:00 CRITICAL Uncaught Error: Class 'MyPlugin\Models\CategoryModel' not found in C:\xampp\htdocs\wonderlandvietnam\wp-content\plugins\office-search\controllers\CategoryController.php:13
Stack trace:
#0 C:\xampp\htdocs\wonderlandvietnam\wp-includes\shortcodes.php(393): MyPlugin\Controllers\CategoryController->render_categories('', '', 'my_categories')
#1 [internal function]: do_shortcode_tag(Array)
#2 C:\xampp\htdocs\wonderlandvietnam\wp-includes\shortcodes.php(265): preg_replace_callback('/\\[(\\[?)(my_cat...', 'do_shortcode_ta...', '[my_categories]')
#3 C:\xampp\htdocs\wonderlandvietnam\wp-content\themes\flatsome-child\woocommerce\layouts\category.php(2): do_shortcode('[my_categories]')
#4 C:\xampp\htdocs\wonderlandvietnam\wp-includes\template.php(785): require('C:\\xampp\\htdocs...')
#5 C:\xampp\htdocs\wonderlandvietnam\wp-content\plugins\woocommerce\includes\wc-core-functions.php(284): load_template('C:\\xampp\\htdocs...', false)
#6 C:\xampp\htdocs\wonderlandvietnam\wp-content\themes\flatsome\woocommerce\archive-product in C:\xampp\htdocs\wonderlandvietnam\wp-content\plugins\office-search\controllers\CategoryController.php on line 13

2025-09-02T12:03:27+00:00 CRITICAL Uncaught Error: Class 'MyPlugin\Models\CategoryModel' not found in C:\xampp\htdocs\wonderlandvietnam\wp-content\plugins\MyPlugin\controllers\CategoryController.php:13
Stack trace:
#0 C:\xampp\htdocs\wonderlandvietnam\wp-includes\shortcodes.php(393): MyPlugin\Controllers\CategoryController->render_categories('', '', 'my_categories')
#1 [internal function]: do_shortcode_tag(Array)
#2 C:\xampp\htdocs\wonderlandvietnam\wp-includes\shortcodes.php(265): preg_replace_callback('/\\[(\\[?)(my_cat...', 'do_shortcode_ta...', '[my_categories]')
#3 C:\xampp\htdocs\wonderlandvietnam\wp-content\themes\flatsome-child\woocommerce\layouts\category.php(2): do_shortcode('[my_categories]')
#4 C:\xampp\htdocs\wonderlandvietnam\wp-includes\template.php(785): require('C:\\xampp\\htdocs...')
#5 C:\xampp\htdocs\wonderlandvietnam\wp-content\plugins\woocommerce\includes\wc-core-functions.php(284): load_template('C:\\xampp\\htdocs...', false)
#6 C:\xampp\htdocs\wonderlandvietnam\wp-content\themes\flatsome\woocommerce\archive-product.php( in C:\xampp\htdocs\wonderlandvietnam\wp-content\plugins\MyPlugin\controllers\CategoryController.php on line 13

2025-09-02T12:28:57+00:00 CRITICAL Uncaught Error: Class 'OfficeSearch\Controllers\OfficeController' not found in C:\xampp\htdocs\wonderlandvietnam\wp-content\plugins\office-search\index.php:12
Stack trace:
#0 C:\xampp\htdocs\wonderlandvietnam\wp-includes\class-wp-hook.php(308): officesearch_init('')
#1 C:\xampp\htdocs\wonderlandvietnam\wp-includes\class-wp-hook.php(332): WP_Hook->apply_filters(NULL, Array)
#2 C:\xampp\htdocs\wonderlandvietnam\wp-includes\plugin.php(517): WP_Hook->do_action(Array)
#3 C:\xampp\htdocs\wonderlandvietnam\wp-settings.php(486): do_action('plugins_loaded')
#4 C:\xampp\htdocs\wonderlandvietnam\wp-config.php(104): require_once('C:\\xampp\\htdocs...')
#5 C:\xampp\htdocs\wonderlandvietnam\wp-load.php(50): require_once('C:\\xampp\\htdocs...')
#6 C:\xampp\htdocs\wonderlandvietnam\wp-admin\admin.php(34): require_once('C:\\xampp\\htdocs...')
#7 C:\xampp\htdocs\wonderlandvietnam\wp-admin\plugins.php(10): require_once('C:\\xampp\\htdocs...')
#8 {main}
  thrown in C:\xampp\htdocs\wonderlandvietnam\wp-content\plugins\office-search\index.php on line 12

2025-09-02T12:28:58+00:00 CRITICAL Uncaught Error: Class 'OfficeSearch\Controllers\OfficeController' not found in C:\xampp\htdocs\wonderlandvietnam\wp-content\plugins\office-search\index.php:12
Stack trace:
#0 C:\xampp\htdocs\wonderlandvietnam\wp-includes\class-wp-hook.php(308): officesearch_init('')
#1 C:\xampp\htdocs\wonderlandvietnam\wp-includes\class-wp-hook.php(332): WP_Hook->apply_filters(NULL, Array)
#2 C:\xampp\htdocs\wonderlandvietnam\wp-includes\plugin.php(517): WP_Hook->do_action(Array)
#3 C:\xampp\htdocs\wonderlandvietnam\wp-settings.php(486): do_action('plugins_loaded')
#4 C:\xampp\htdocs\wonderlandvietnam\wp-config.php(104): require_once('C:\\xampp\\htdocs...')
#5 C:\xampp\htdocs\wonderlandvietnam\wp-load.php(50): require_once('C:\\xampp\\htdocs...')
#6 C:\xampp\htdocs\wonderlandvietnam\wp-blog-header.php(13): require_once('C:\\xampp\\htdocs...')
#7 C:\xampp\htdocs\wonderlandvietnam\index.php(17): require('C:\\xampp\\htdocs...')
#8 {main}
  thrown in C:\xampp\htdocs\wonderlandvietnam\wp-content\plugins\office-search\index.php on line 12

